<?xml version="1.0" encoding="UTF-8"?>
<robot generator="Robot 5.0 (Python 3.10.4 on win32)" generated="20220409 17:39:29.461" rpa="false" schemaversion="3">
<suite id="s1" name="Guest" source="C:\Users\Sushant Singh\Desktop\Harmen\Robot_Framework\Tests\CrimeManagement\FunctionalTestSuite\Guest.robot">
<test id="s1-t1" name="Report Crime test" line="9">
<kw name="Open Browser" library="SeleniumLibrary">
<arg>${web_url}</arg>
<arg>chrome</arg>
<doc>Opens a new browser instance to the optional ``url``.</doc>
<msg timestamp="20220409 17:39:29.698" level="INFO">Opening browser 'chrome' to base url 'http://127.0.0.1:5000'.</msg>
<status status="PASS" starttime="20220409 17:39:29.698" endtime="20220409 17:39:31.268"/>
</kw>
<kw name="Maximize Browser Window" library="SeleniumLibrary">
<doc>Maximizes current browser window.</doc>
<status status="PASS" starttime="20220409 17:39:31.269" endtime="20220409 17:39:31.384"/>
</kw>
<kw name="Input Text" library="SeleniumLibrary">
<arg>name:date</arg>
<arg>02/04/2022</arg>
<doc>Types the given ``text`` into the text field identified by ``locator``.</doc>
<msg timestamp="20220409 17:39:31.385" level="INFO">Typing text '02/04/2022' into text field 'name:date'.</msg>
<status status="PASS" starttime="20220409 17:39:31.385" endtime="20220409 17:39:31.499"/>
</kw>
<kw name="Sleep" library="BuiltIn">
<arg>1s</arg>
<doc>Pauses the test executed for the given time.</doc>
<msg timestamp="20220409 17:39:32.502" level="INFO">Slept 1 second</msg>
<status status="PASS" starttime="20220409 17:39:31.499" endtime="20220409 17:39:32.502"/>
</kw>
<kw name="Input Text" library="SeleniumLibrary">
<arg>name:remark</arg>
<arg>Witnessed a roberry</arg>
<doc>Types the given ``text`` into the text field identified by ``locator``.</doc>
<msg timestamp="20220409 17:39:32.502" level="INFO">Typing text 'Witnessed a roberry' into text field 'name:remark'.</msg>
<status status="PASS" starttime="20220409 17:39:32.502" endtime="20220409 17:39:32.606"/>
</kw>
<kw name="Sleep" library="BuiltIn">
<arg>1s</arg>
<doc>Pauses the test executed for the given time.</doc>
<msg timestamp="20220409 17:39:33.613" level="INFO">Slept 1 second</msg>
<status status="PASS" starttime="20220409 17:39:32.606" endtime="20220409 17:39:33.613"/>
</kw>
<kw name="Input Text" library="SeleniumLibrary">
<arg>name:description</arg>
<arg>I witenessed a robbery in the house no 42 of michle street at 12:30 am while i was coming back from work. there were three guys of average build involved.</arg>
<doc>Types the given ``text`` into the text field identified by ``locator``.</doc>
<msg timestamp="20220409 17:39:33.613" level="INFO">Typing text 'I witenessed a robbery in the house no 42 of michle street at 12:30 am while i was coming back from work. there were three guys of average build involved.' into text field 'name:description'.</msg>
<status status="PASS" starttime="20220409 17:39:33.613" endtime="20220409 17:39:33.804"/>
</kw>
<kw name="Sleep" library="BuiltIn">
<arg>3s</arg>
<doc>Pauses the test executed for the given time.</doc>
<msg timestamp="20220409 17:39:36.808" level="INFO">Slept 3 seconds</msg>
<status status="PASS" starttime="20220409 17:39:33.805" endtime="20220409 17:39:36.808"/>
</kw>
<kw name="Click Button" library="SeleniumLibrary">
<arg>xpath=//html/body/div/div/div/form/table/tbody/tr[4]/td[2]/center/button</arg>
<doc>Clicks the button identified by ``locator``.</doc>
<msg timestamp="20220409 17:39:36.808" level="INFO">Clicking button 'xpath=//html/body/div/div/div/form/table/tbody/tr[4]/td[2]/center/button'.</msg>
<status status="PASS" starttime="20220409 17:39:36.808" endtime="20220409 17:39:36.903"/>
</kw>
<kw name="Sleep" library="BuiltIn">
<arg>1s</arg>
<doc>Pauses the test executed for the given time.</doc>
<msg timestamp="20220409 17:39:37.906" level="INFO">Slept 1 second</msg>
<status status="PASS" starttime="20220409 17:39:36.904" endtime="20220409 17:39:37.906"/>
</kw>
<doc>Can Register able to report crime?</doc>
<tag>user</tag>
<status status="PASS" starttime="20220409 17:39:29.682" endtime="20220409 17:39:37.907"/>
</test>
<status status="PASS" starttime="20220409 17:39:29.461" endtime="20220409 17:39:37.909"/>
</suite>
<statistics>
<total>
<stat pass="1" fail="0" skip="0">All Tests</stat>
</total>
<tag>
<stat pass="1" fail="0" skip="0">user</stat>
</tag>
<suite>
<stat pass="1" fail="0" skip="0" id="s1" name="Guest">Guest</stat>
</suite>
</statistics>
<errors>
</errors>
</robot>
