<?xml version="1.0" encoding="UTF-8"?>
<robot generator="Robot 5.0 (Python 3.10.4 on win32)" generated="20220409 17:06:04.526" rpa="false" schemaversion="3">
<suite id="s1" name="User" source="C:\Users\Sushant Singh\Desktop\Harmen\Robot_Framework\Tests\CrimeManagement\FunctionalTestSuite\user.robot">
<test id="s1-t1" name="User Registeration test" line="10">
<kw name="Open Browser" library="SeleniumLibrary">
<arg>${web_url}</arg>
<arg>chrome</arg>
<doc>Opens a new browser instance to the optional ``url``.</doc>
<msg timestamp="20220409 17:06:04.786" level="INFO">Opening browser 'chrome' to base url 'http://127.0.0.1:5000'.</msg>
<status status="PASS" starttime="20220409 17:06:04.786" endtime="20220409 17:06:06.783"/>
</kw>
<kw name="Maximize Browser Window" library="SeleniumLibrary">
<doc>Maximizes current browser window.</doc>
<status status="PASS" starttime="20220409 17:06:06.784" endtime="20220409 17:06:06.901"/>
</kw>
<kw name="Input Text" library="SeleniumLibrary">
<arg>name:name</arg>
<arg>Sushant</arg>
<doc>Types the given ``text`` into the text field identified by ``locator``.</doc>
<msg timestamp="20220409 17:06:06.902" level="INFO">Typing text 'Sushant' into text field 'name:name'.</msg>
<status status="PASS" starttime="20220409 17:06:06.902" endtime="20220409 17:06:07.132"/>
</kw>
<kw name="Sleep" library="BuiltIn">
<arg>1s</arg>
<doc>Pauses the test executed for the given time.</doc>
<msg timestamp="20220409 17:06:08.141" level="INFO">Slept 1 second</msg>
<status status="PASS" starttime="20220409 17:06:07.140" endtime="20220409 17:06:08.142"/>
</kw>
<kw name="Input Text" library="SeleniumLibrary">
<arg>name:address</arg>
<arg>69 jacsonvill</arg>
<doc>Types the given ``text`` into the text field identified by ``locator``.</doc>
<msg timestamp="20220409 17:06:08.143" level="INFO">Typing text '69 jacsonvill' into text field 'name:address'.</msg>
<status status="PASS" starttime="20220409 17:06:08.142" endtime="20220409 17:06:08.268"/>
</kw>
<kw name="Sleep" library="BuiltIn">
<arg>1s</arg>
<doc>Pauses the test executed for the given time.</doc>
<msg timestamp="20220409 17:06:09.286" level="INFO">Slept 1 second</msg>
<status status="PASS" starttime="20220409 17:06:08.269" endtime="20220409 17:06:09.286"/>
</kw>
<kw name="Input Text" library="SeleniumLibrary">
<arg>name:email</arg>
<arg>${email}</arg>
<doc>Types the given ``text`` into the text field identified by ``locator``.</doc>
<msg timestamp="20220409 17:06:09.286" level="INFO">Typing text 'sushantsinghruhil@gmail.com' into text field 'name:email'.</msg>
<status status="PASS" starttime="20220409 17:06:09.286" endtime="20220409 17:06:09.426"/>
</kw>
<kw name="Sleep" library="BuiltIn">
<arg>1s</arg>
<doc>Pauses the test executed for the given time.</doc>
<msg timestamp="20220409 17:06:10.430" level="INFO">Slept 1 second</msg>
<status status="PASS" starttime="20220409 17:06:09.427" endtime="20220409 17:06:10.430"/>
</kw>
<kw name="Input Text" library="SeleniumLibrary">
<arg>name:phone</arg>
<arg>9035821400</arg>
<doc>Types the given ``text`` into the text field identified by ``locator``.</doc>
<msg timestamp="20220409 17:06:10.430" level="INFO">Typing text '9035821400' into text field 'name:phone'.</msg>
<status status="PASS" starttime="20220409 17:06:10.430" endtime="20220409 17:06:10.536"/>
</kw>
<kw name="Sleep" library="BuiltIn">
<arg>1s</arg>
<doc>Pauses the test executed for the given time.</doc>
<msg timestamp="20220409 17:06:11.546" level="INFO">Slept 1 second</msg>
<status status="PASS" starttime="20220409 17:06:10.538" endtime="20220409 17:06:11.546"/>
</kw>
<kw name="Input Text" library="SeleniumLibrary">
<arg>name:password</arg>
<arg>${password}</arg>
<doc>Types the given ``text`` into the text field identified by ``locator``.</doc>
<msg timestamp="20220409 17:06:11.546" level="INFO">Typing text 'Sushant@2020' into text field 'name:password'.</msg>
<status status="PASS" starttime="20220409 17:06:11.546" endtime="20220409 17:06:11.657"/>
</kw>
<kw name="Sleep" library="BuiltIn">
<arg>1s</arg>
<doc>Pauses the test executed for the given time.</doc>
<msg timestamp="20220409 17:06:12.662" level="INFO">Slept 1 second</msg>
<status status="PASS" starttime="20220409 17:06:11.658" endtime="20220409 17:06:12.662"/>
</kw>
<kw name="Click Button" library="SeleniumLibrary">
<arg>xpath=//html/body/div/div/div/form/table/tbody/tr[6]/td[2]/button</arg>
<doc>Clicks the button identified by ``locator``.</doc>
<msg timestamp="20220409 17:06:12.663" level="INFO">Clicking button 'xpath=//html/body/div/div/div/form/table/tbody/tr[6]/td[2]/button'.</msg>
<status status="PASS" starttime="20220409 17:06:12.663" endtime="20220409 17:06:12.788"/>
</kw>
<kw name="Sleep" library="BuiltIn">
<arg>1s</arg>
<doc>Pauses the test executed for the given time.</doc>
<msg timestamp="20220409 17:06:13.795" level="INFO">Slept 1 second</msg>
<status status="PASS" starttime="20220409 17:06:12.789" endtime="20220409 17:06:13.795"/>
</kw>
<doc>Can user able to register?</doc>
<tag>user</tag>
<status status="PASS" starttime="20220409 17:06:04.786" endtime="20220409 17:06:13.796"/>
</test>
<test id="s1-t2" name="User Login test" line="28">
<kw name="Input Text" library="SeleniumLibrary">
<arg>name:email</arg>
<arg>${email}</arg>
<doc>Types the given ``text`` into the text field identified by ``locator``.</doc>
<msg timestamp="20220409 17:06:13.799" level="INFO">Typing text 'sushantsinghruhil@gmail.com' into text field 'name:email'.</msg>
<status status="PASS" starttime="20220409 17:06:13.799" endtime="20220409 17:06:13.908"/>
</kw>
<kw name="Sleep" library="BuiltIn">
<arg>1s</arg>
<doc>Pauses the test executed for the given time.</doc>
<msg timestamp="20220409 17:06:14.916" level="INFO">Slept 1 second</msg>
<status status="PASS" starttime="20220409 17:06:13.909" endtime="20220409 17:06:14.916"/>
</kw>
<kw name="Input Text" library="SeleniumLibrary">
<arg>name:password</arg>
<arg>${password}</arg>
<doc>Types the given ``text`` into the text field identified by ``locator``.</doc>
<msg timestamp="20220409 17:06:14.916" level="INFO">Typing text 'Sushant@2020' into text field 'name:password'.</msg>
<status status="PASS" starttime="20220409 17:06:14.916" endtime="20220409 17:06:15.017"/>
</kw>
<kw name="Sleep" library="BuiltIn">
<arg>1s</arg>
<doc>Pauses the test executed for the given time.</doc>
<msg timestamp="20220409 17:06:16.028" level="INFO">Slept 1 second</msg>
<status status="PASS" starttime="20220409 17:06:15.017" endtime="20220409 17:06:16.028"/>
</kw>
<kw name="Click Button" library="SeleniumLibrary">
<arg>xpath=//html/body/div/div/div/form/table/tbody/tr[3]/td[2]/button</arg>
<doc>Clicks the button identified by ``locator``.</doc>
<msg timestamp="20220409 17:06:16.029" level="INFO">Clicking button 'xpath=//html/body/div/div/div/form/table/tbody/tr[3]/td[2]/button'.</msg>
<status status="PASS" starttime="20220409 17:06:16.029" endtime="20220409 17:06:16.157"/>
</kw>
<kw name="Sleep" library="BuiltIn">
<arg>5s</arg>
<doc>Pauses the test executed for the given time.</doc>
<msg timestamp="20220409 17:06:21.160" level="INFO">Slept 5 seconds</msg>
<status status="PASS" starttime="20220409 17:06:16.157" endtime="20220409 17:06:21.160"/>
</kw>
<doc>Once Registered,user can able to login?</doc>
<tag>user</tag>
<status status="PASS" starttime="20220409 17:06:13.798" endtime="20220409 17:06:21.160"/>
</test>
<test id="s1-t3" name="Report Crime test" line="38">
<kw name="Click Link" library="SeleniumLibrary">
<arg>xpath=//html/body/nav/a[1]</arg>
<doc>Clicks a link identified by ``locator``.</doc>
<msg timestamp="20220409 17:06:21.163" level="INFO">Clicking link 'xpath=//html/body/nav/a[1]'.</msg>
<status status="PASS" starttime="20220409 17:06:21.163" endtime="20220409 17:06:21.287"/>
</kw>
<kw name="Sleep" library="BuiltIn">
<arg>1s</arg>
<doc>Pauses the test executed for the given time.</doc>
<msg timestamp="20220409 17:06:22.295" level="INFO">Slept 1 second</msg>
<status status="PASS" starttime="20220409 17:06:21.287" endtime="20220409 17:06:22.295"/>
</kw>
<kw name="Input Text" library="SeleniumLibrary">
<arg>name:date</arg>
<arg>09/04/2022</arg>
<doc>Types the given ``text`` into the text field identified by ``locator``.</doc>
<msg timestamp="20220409 17:06:22.297" level="INFO">Typing text '09/04/2022' into text field 'name:date'.</msg>
<status status="PASS" starttime="20220409 17:06:22.296" endtime="20220409 17:06:22.395"/>
</kw>
<kw name="Sleep" library="BuiltIn">
<arg>1s</arg>
<doc>Pauses the test executed for the given time.</doc>
<msg timestamp="20220409 17:06:23.398" level="INFO">Slept 1 second</msg>
<status status="PASS" starttime="20220409 17:06:22.396" endtime="20220409 17:06:23.398"/>
</kw>
<kw name="Input Text" library="SeleniumLibrary">
<arg>name:remark</arg>
<arg>Lost My wallet</arg>
<doc>Types the given ``text`` into the text field identified by ``locator``.</doc>
<msg timestamp="20220409 17:06:23.398" level="INFO">Typing text 'Lost My wallet' into text field 'name:remark'.</msg>
<status status="PASS" starttime="20220409 17:06:23.398" endtime="20220409 17:06:23.497"/>
</kw>
<kw name="Sleep" library="BuiltIn">
<arg>1s</arg>
<doc>Pauses the test executed for the given time.</doc>
<msg timestamp="20220409 17:06:24.498" level="INFO">Slept 1 second</msg>
<status status="PASS" starttime="20220409 17:06:23.498" endtime="20220409 17:06:24.498"/>
</kw>
<kw name="Input Text" library="SeleniumLibrary">
<arg>name:description</arg>
<arg>I lost my wallet while travelling from bmtc bus from kr puram to hebbal station on 09/04/2022 at 12:15 pm. I donot remember the bus number but it was an ac bus</arg>
<doc>Types the given ``text`` into the text field identified by ``locator``.</doc>
<msg timestamp="20220409 17:06:24.498" level="INFO">Typing text 'I lost my wallet while travelling from bmtc bus from kr puram to hebbal station on 09/04/2022 at 12:15 pm. I donot remember the bus number but it was an ac bus' into text field 'name:description'.</msg>
<status status="PASS" starttime="20220409 17:06:24.498" endtime="20220409 17:06:24.681"/>
</kw>
<kw name="Sleep" library="BuiltIn">
<arg>3s</arg>
<doc>Pauses the test executed for the given time.</doc>
<msg timestamp="20220409 17:06:27.695" level="INFO">Slept 3 seconds</msg>
<status status="PASS" starttime="20220409 17:06:24.681" endtime="20220409 17:06:27.695"/>
</kw>
<kw name="Click Button" library="SeleniumLibrary">
<arg>xpath=//html/body/div/div/div/form/table/tbody/tr[4]/td[2]/center/button</arg>
<doc>Clicks the button identified by ``locator``.</doc>
<msg timestamp="20220409 17:06:27.696" level="INFO">Clicking button 'xpath=//html/body/div/div/div/form/table/tbody/tr[4]/td[2]/center/button'.</msg>
<status status="PASS" starttime="20220409 17:06:27.696" endtime="20220409 17:06:27.809"/>
</kw>
<kw name="Sleep" library="BuiltIn">
<arg>1s</arg>
<doc>Pauses the test executed for the given time.</doc>
<msg timestamp="20220409 17:06:28.816" level="INFO">Slept 1 second</msg>
<status status="PASS" starttime="20220409 17:06:27.810" endtime="20220409 17:06:28.816"/>
</kw>
<doc>Can Register able to report crime?</doc>
<tag>user</tag>
<status status="PASS" starttime="20220409 17:06:21.162" endtime="20220409 17:06:28.816"/>
</test>
<test id="s1-t4" name="Edit User Profile test" line="52">
<kw name="Click Link" library="SeleniumLibrary">
<arg>xpath=//html/body/nav/a[2]</arg>
<doc>Clicks a link identified by ``locator``.</doc>
<msg timestamp="20220409 17:06:28.816" level="INFO">Clicking link 'xpath=//html/body/nav/a[2]'.</msg>
<status status="PASS" starttime="20220409 17:06:28.816" endtime="20220409 17:06:28.920"/>
</kw>
<kw name="Sleep" library="BuiltIn">
<arg>1s</arg>
<doc>Pauses the test executed for the given time.</doc>
<msg timestamp="20220409 17:06:29.928" level="INFO">Slept 1 second</msg>
<status status="PASS" starttime="20220409 17:06:28.921" endtime="20220409 17:06:29.928"/>
</kw>
<kw name="Input Text" library="SeleniumLibrary">
<arg>name:email</arg>
<arg>${email}</arg>
<doc>Types the given ``text`` into the text field identified by ``locator``.</doc>
<msg timestamp="20220409 17:06:29.929" level="INFO">Typing text 'sushantsinghruhil@gmail.com' into text field 'name:email'.</msg>
<status status="PASS" starttime="20220409 17:06:29.929" endtime="20220409 17:06:30.038"/>
</kw>
<kw name="Sleep" library="BuiltIn">
<arg>1s</arg>
<doc>Pauses the test executed for the given time.</doc>
<msg timestamp="20220409 17:06:31.046" level="INFO">Slept 1 second</msg>
<status status="PASS" starttime="20220409 17:06:30.038" endtime="20220409 17:06:31.046"/>
</kw>
<kw name="Click Button" library="SeleniumLibrary">
<arg>xpath=//html/body/div/div/div/form[1]/table/tbody/tr[2]/td[2]/center/button</arg>
<doc>Clicks the button identified by ``locator``.</doc>
<msg timestamp="20220409 17:06:31.046" level="INFO">Clicking button 'xpath=//html/body/div/div/div/form[1]/table/tbody/tr[2]/td[2]/center/button'.</msg>
<status status="PASS" starttime="20220409 17:06:31.046" endtime="20220409 17:06:31.150"/>
</kw>
<kw name="Sleep" library="BuiltIn">
<arg>2s</arg>
<doc>Pauses the test executed for the given time.</doc>
<msg timestamp="20220409 17:06:33.161" level="INFO">Slept 2 seconds</msg>
<status status="PASS" starttime="20220409 17:06:31.150" endtime="20220409 17:06:33.161"/>
</kw>
<kw name="Input Text" library="SeleniumLibrary">
<arg>name:name</arg>
<arg>Sushant Singh</arg>
<doc>Types the given ``text`` into the text field identified by ``locator``.</doc>
<msg timestamp="20220409 17:06:33.162" level="INFO">Typing text 'Sushant Singh' into text field 'name:name'.</msg>
<status status="PASS" starttime="20220409 17:06:33.162" endtime="20220409 17:06:33.263"/>
</kw>
<kw name="Sleep" library="BuiltIn">
<arg>3s</arg>
<doc>Pauses the test executed for the given time.</doc>
<msg timestamp="20220409 17:06:36.266" level="INFO">Slept 3 seconds</msg>
<status status="PASS" starttime="20220409 17:06:33.264" endtime="20220409 17:06:36.266"/>
</kw>
<kw name="Click Button" library="SeleniumLibrary">
<arg>xpath=//html/body/div/div/div/form[2]/table/tbody/tr[6]/td[2]/button</arg>
<doc>Clicks the button identified by ``locator``.</doc>
<msg timestamp="20220409 17:06:36.266" level="INFO">Clicking button 'xpath=//html/body/div/div/div/form[2]/table/tbody/tr[6]/td[2]/button'.</msg>
<status status="PASS" starttime="20220409 17:06:36.266" endtime="20220409 17:06:36.379"/>
</kw>
<kw name="Sleep" library="BuiltIn">
<arg>1s</arg>
<doc>Pauses the test executed for the given time.</doc>
<msg timestamp="20220409 17:06:37.395" level="INFO">Slept 1 second</msg>
<status status="PASS" starttime="20220409 17:06:36.380" endtime="20220409 17:06:37.395"/>
</kw>
<doc>Register can view and modify account info?</doc>
<tag>user</tag>
<status status="PASS" starttime="20220409 17:06:28.816" endtime="20220409 17:06:37.396"/>
</test>
<test id="s1-t5" name="User Logout test" line="66">
<kw name="Click Link" library="SeleniumLibrary">
<arg>xpath=//html/body/nav/a[3]</arg>
<doc>Clicks a link identified by ``locator``.</doc>
<msg timestamp="20220409 17:06:37.398" level="INFO">Clicking link 'xpath=//html/body/nav/a[3]'.</msg>
<status status="PASS" starttime="20220409 17:06:37.398" endtime="20220409 17:06:37.491"/>
</kw>
<kw name="Sleep" library="BuiltIn">
<arg>2s</arg>
<doc>Pauses the test executed for the given time.</doc>
<msg timestamp="20220409 17:06:39.495" level="INFO">Slept 2 seconds</msg>
<status status="PASS" starttime="20220409 17:06:37.492" endtime="20220409 17:06:39.495"/>
</kw>
<kw name="Close Browser" library="SeleniumLibrary">
<doc>Closes the current browser.</doc>
<status status="PASS" starttime="20220409 17:06:39.496" endtime="20220409 17:06:41.716"/>
</kw>
<doc>Is Register not able to access after logout</doc>
<tag>user</tag>
<status status="PASS" starttime="20220409 17:06:37.397" endtime="20220409 17:06:41.716"/>
</test>
<status status="PASS" starttime="20220409 17:06:04.528" endtime="20220409 17:06:41.716"/>
</suite>
<statistics>
<total>
<stat pass="5" fail="0" skip="0">All Tests</stat>
</total>
<tag>
<stat pass="5" fail="0" skip="0">user</stat>
</tag>
<suite>
<stat pass="5" fail="0" skip="0" id="s1" name="User">User</stat>
</suite>
</statistics>
<errors>
</errors>
</robot>
