<?xml version="1.0" encoding="UTF-8"?>
<robot generator="Robot 5.0 (Python 3.10.4 on win32)" generated="20220409 17:08:39.482" rpa="false" schemaversion="3">
<suite id="s1" name="Admin" source="C:\Users\Sushant Singh\Desktop\Harmen\Robot_Framework\Tests\CrimeManagement\FunctionalTestSuite\admin.robot">
<test id="s1-t1" name="Admin Login test" line="9">
<kw name="Open Browser" library="SeleniumLibrary">
<arg>${web_url}</arg>
<arg>chrome</arg>
<doc>Opens a new browser instance to the optional ``url``.</doc>
<msg timestamp="20220409 17:08:39.745" level="INFO">Opening browser 'chrome' to base url 'http://127.0.0.1:5000'.</msg>
<status status="PASS" starttime="20220409 17:08:39.743" endtime="20220409 17:08:41.513"/>
</kw>
<kw name="Maximize Browser Window" library="SeleniumLibrary">
<doc>Maximizes current browser window.</doc>
<status status="PASS" starttime="20220409 17:08:41.514" endtime="20220409 17:08:41.637"/>
</kw>
<kw name="Input Text" library="SeleniumLibrary">
<arg>name:username</arg>
<arg>admin</arg>
<doc>Types the given ``text`` into the text field identified by ``locator``.</doc>
<msg timestamp="20220409 17:08:41.639" level="INFO">Typing text 'admin' into text field 'name:username'.</msg>
<status status="PASS" starttime="20220409 17:08:41.638" endtime="20220409 17:08:41.838"/>
</kw>
<kw name="Sleep" library="BuiltIn">
<arg>1s</arg>
<doc>Pauses the test executed for the given time.</doc>
<msg timestamp="20220409 17:08:42.841" level="INFO">Slept 1 second</msg>
<status status="PASS" starttime="20220409 17:08:41.838" endtime="20220409 17:08:42.841"/>
</kw>
<kw name="Input Text" library="SeleniumLibrary">
<arg>name:password</arg>
<arg>12345</arg>
<doc>Types the given ``text`` into the text field identified by ``locator``.</doc>
<msg timestamp="20220409 17:08:42.841" level="INFO">Typing text '12345' into text field 'name:password'.</msg>
<status status="PASS" starttime="20220409 17:08:42.841" endtime="20220409 17:08:42.934"/>
</kw>
<kw name="Sleep" library="BuiltIn">
<arg>1s</arg>
<doc>Pauses the test executed for the given time.</doc>
<msg timestamp="20220409 17:08:43.945" level="INFO">Slept 1 second</msg>
<status status="PASS" starttime="20220409 17:08:42.935" endtime="20220409 17:08:43.945"/>
</kw>
<kw name="Click Button" library="SeleniumLibrary">
<arg>xpath=//html/body/div/div/div/form/table/tbody/tr[3]/td[2]/button</arg>
<doc>Clicks the button identified by ``locator``.</doc>
<msg timestamp="20220409 17:08:43.946" level="INFO">Clicking button 'xpath=//html/body/div/div/div/form/table/tbody/tr[3]/td[2]/button'.</msg>
<status status="PASS" starttime="20220409 17:08:43.946" endtime="20220409 17:08:44.093"/>
</kw>
<kw name="Sleep" library="BuiltIn">
<arg>1s</arg>
<doc>Pauses the test executed for the given time.</doc>
<msg timestamp="20220409 17:08:45.112" level="INFO">Slept 1 second</msg>
<status status="PASS" starttime="20220409 17:08:44.095" endtime="20220409 17:08:45.112"/>
</kw>
<doc>Can admin able to login?</doc>
<tag>admin</tag>
<status status="PASS" starttime="20220409 17:08:39.743" endtime="20220409 17:08:45.113"/>
</test>
<test id="s1-t2" name="View Report test" line="21">
<kw name="Click Link" library="SeleniumLibrary">
<arg>xpath=//html/body/nav/a[1]</arg>
<doc>Clicks a link identified by ``locator``.</doc>
<msg timestamp="20220409 17:08:45.115" level="INFO">Clicking link 'xpath=//html/body/nav/a[1]'.</msg>
<status status="PASS" starttime="20220409 17:08:45.115" endtime="20220409 17:08:45.197"/>
</kw>
<kw name="Sleep" library="BuiltIn">
<arg>2s</arg>
<doc>Pauses the test executed for the given time.</doc>
<msg timestamp="20220409 17:08:47.205" level="INFO">Slept 2 seconds</msg>
<status status="PASS" starttime="20220409 17:08:45.198" endtime="20220409 17:08:47.205"/>
</kw>
<doc>Once admin logged in can able to view report?</doc>
<tag>admin</tag>
<status status="PASS" starttime="20220409 17:08:45.114" endtime="20220409 17:08:47.205"/>
</test>
<test id="s1-t3" name="Filter With Date test" line="27">
<kw name="Click Link" library="SeleniumLibrary">
<arg>xpath=//html/body/nav/a[2]</arg>
<doc>Clicks a link identified by ``locator``.</doc>
<msg timestamp="20220409 17:08:47.205" level="INFO">Clicking link 'xpath=//html/body/nav/a[2]'.</msg>
<status status="PASS" starttime="20220409 17:08:47.205" endtime="20220409 17:08:47.295"/>
</kw>
<kw name="Sleep" library="BuiltIn">
<arg>3s</arg>
<doc>Pauses the test executed for the given time.</doc>
<msg timestamp="20220409 17:08:50.297" level="INFO">Slept 3 seconds</msg>
<status status="PASS" starttime="20220409 17:08:47.296" endtime="20220409 17:08:50.297"/>
</kw>
<doc>Admin Able to Filter With Date?</doc>
<tag>admin</tag>
<status status="PASS" starttime="20220409 17:08:47.205" endtime="20220409 17:08:50.298"/>
</test>
<test id="s1-t4" name="Admin Logout test" line="33">
<kw name="Click Link" library="SeleniumLibrary">
<arg>xpath=//html/body/nav/a[3]</arg>
<doc>Clicks a link identified by ``locator``.</doc>
<msg timestamp="20220409 17:08:50.298" level="INFO">Clicking link 'xpath=//html/body/nav/a[3]'.</msg>
<status status="PASS" starttime="20220409 17:08:50.298" endtime="20220409 17:08:50.396"/>
</kw>
<kw name="Sleep" library="BuiltIn">
<arg>2s</arg>
<doc>Pauses the test executed for the given time.</doc>
<msg timestamp="20220409 17:08:52.402" level="INFO">Slept 2 seconds</msg>
<status status="PASS" starttime="20220409 17:08:50.399" endtime="20220409 17:08:52.402"/>
</kw>
<kw name="Close Browser" library="SeleniumLibrary">
<doc>Closes the current browser.</doc>
<status status="PASS" starttime="20220409 17:08:52.402" endtime="20220409 17:08:54.613"/>
</kw>
<doc>Can admin able to logout?</doc>
<tag>admin</tag>
<status status="PASS" starttime="20220409 17:08:50.298" endtime="20220409 17:08:54.614"/>
</test>
<status status="PASS" starttime="20220409 17:08:39.482" endtime="20220409 17:08:54.615"/>
</suite>
<statistics>
<total>
<stat pass="4" fail="0" skip="0">All Tests</stat>
</total>
<tag>
<stat pass="4" fail="0" skip="0">admin</stat>
</tag>
<suite>
<stat pass="4" fail="0" skip="0" id="s1" name="Admin">Admin</stat>
</suite>
</statistics>
<errors>
</errors>
</robot>
